Determining if the Q_WS_WIN exist failed with the following output:
Change Dir: /home/viacheslav/cg-course/sphere/build/CMakeFiles/CMakeTmp

Run Build Command:/usr/bin/make "cmTryCompileExec180368040/fast"
/usr/bin/make -f CMakeFiles/cmTryCompileExec180368040.dir/build.make CMakeFiles/cmTryCompileExec180368040.dir/build
make[1]: Вход в каталог `/home/viacheslav/cg-course/sphere/build/CMakeFiles/CMakeTmp'
/usr/bin/cmake -E cmake_progress_report /home/viacheslav/cg-course/sphere/build/CMakeFiles/CMakeTmp/CMakeFiles 1
Building CXX object CMakeFiles/cmTryCompileExec180368040.dir/CheckSymbolExists.cxx.o
/usr/bin/c++    -std=c++11 -Wall -pthread   -I/usr/include/qt4    -o CMakeFiles/cmTryCompileExec180368040.dir/CheckSymbolExists.cxx.o -c /home/viacheslav/cg-course/sphere/build/CMakeFiles/CMakeTmp/CheckSymbolExists.cxx
/home/viacheslav/cg-course/sphere/build/CMakeFiles/CMakeTmp/CheckSymbolExists.cxx: In function ‘int main(int, char**)’:
/home/viacheslav/cg-course/sphere/build/CMakeFiles/CMakeTmp/CheckSymbolExists.cxx:8:19: error: ‘Q_WS_WIN’ was not declared in this scope
   return ((int*)(&Q_WS_WIN))[argc];
                   ^
make[1]: *** [CMakeFiles/cmTryCompileExec180368040.dir/CheckSymbolExists.cxx.o] Ошибка 1
make[1]: Выход из каталога `/home/viacheslav/cg-course/sphere/build/CMakeFiles/CMakeTmp'
make: *** [cmTryCompileExec180368040/fast] Ошибка 2

File /home/viacheslav/cg-course/sphere/build/CMakeFiles/CMakeTmp/CheckSymbolExists.cxx:
/* */
#include <QtCore/qglobal.h>

int main(int argc, char** argv)
{
  (void)argv;
#ifndef Q_WS_WIN
  return ((int*)(&Q_WS_WIN))[argc];
#else
  (void)argc;
  return 0;
#endif
}

Determining if the Q_WS_QWS exist failed with the following output:
Change Dir: /home/viacheslav/cg-course/sphere/build/CMakeFiles/CMakeTmp

Run Build Command:/usr/bin/make "cmTryCompileExec4094685355/fast"
/usr/bin/make -f CMakeFiles/cmTryCompileExec4094685355.dir/build.make CMakeFiles/cmTryCompileExec4094685355.dir/build
make[1]: Вход в каталог `/home/viacheslav/cg-course/sphere/build/CMakeFiles/CMakeTmp'
/usr/bin/cmake -E cmake_progress_report /home/viacheslav/cg-course/sphere/build/CMakeFiles/CMakeTmp/CMakeFiles 1
Building CXX object CMakeFiles/cmTryCompileExec4094685355.dir/CheckSymbolExists.cxx.o
/usr/bin/c++    -std=c++11 -Wall -pthread   -I/usr/include/qt4    -o CMakeFiles/cmTryCompileExec4094685355.dir/CheckSymbolExists.cxx.o -c /home/viacheslav/cg-course/sphere/build/CMakeFiles/CMakeTmp/CheckSymbolExists.cxx
/home/viacheslav/cg-course/sphere/build/CMakeFiles/CMakeTmp/CheckSymbolExists.cxx: In function ‘int main(int, char**)’:
/home/viacheslav/cg-course/sphere/build/CMakeFiles/CMakeTmp/CheckSymbolExists.cxx:8:19: error: ‘Q_WS_QWS’ was not declared in this scope
   return ((int*)(&Q_WS_QWS))[argc];
                   ^
make[1]: *** [CMakeFiles/cmTryCompileExec4094685355.dir/CheckSymbolExists.cxx.o] Ошибка 1
make[1]: Выход из каталога `/home/viacheslav/cg-course/sphere/build/CMakeFiles/CMakeTmp'
make: *** [cmTryCompileExec4094685355/fast] Ошибка 2

File /home/viacheslav/cg-course/sphere/build/CMakeFiles/CMakeTmp/CheckSymbolExists.cxx:
/* */
#include <QtCore/qglobal.h>

int main(int argc, char** argv)
{
  (void)argv;
#ifndef Q_WS_QWS
  return ((int*)(&Q_WS_QWS))[argc];
#else
  (void)argc;
  return 0;
#endif
}

Determining if the Q_WS_MAC exist failed with the following output:
Change Dir: /home/viacheslav/cg-course/sphere/build/CMakeFiles/CMakeTmp

Run Build Command:/usr/bin/make "cmTryCompileExec3934294784/fast"
/usr/bin/make -f CMakeFiles/cmTryCompileExec3934294784.dir/build.make CMakeFiles/cmTryCompileExec3934294784.dir/build
make[1]: Вход в каталог `/home/viacheslav/cg-course/sphere/build/CMakeFiles/CMakeTmp'
/usr/bin/cmake -E cmake_progress_report /home/viacheslav/cg-course/sphere/build/CMakeFiles/CMakeTmp/CMakeFiles 1
Building CXX object CMakeFiles/cmTryCompileExec3934294784.dir/CheckSymbolExists.cxx.o
/usr/bin/c++    -std=c++11 -Wall -pthread   -I/usr/include/qt4    -o CMakeFiles/cmTryCompileExec3934294784.dir/CheckSymbolExists.cxx.o -c /home/viacheslav/cg-course/sphere/build/CMakeFiles/CMakeTmp/CheckSymbolExists.cxx
/home/viacheslav/cg-course/sphere/build/CMakeFiles/CMakeTmp/CheckSymbolExists.cxx: In function ‘int main(int, char**)’:
/home/viacheslav/cg-course/sphere/build/CMakeFiles/CMakeTmp/CheckSymbolExists.cxx:8:19: error: ‘Q_WS_MAC’ was not declared in this scope
   return ((int*)(&Q_WS_MAC))[argc];
                   ^
make[1]: *** [CMakeFiles/cmTryCompileExec3934294784.dir/CheckSymbolExists.cxx.o] Ошибка 1
make[1]: Выход из каталога `/home/viacheslav/cg-course/sphere/build/CMakeFiles/CMakeTmp'
make: *** [cmTryCompileExec3934294784/fast] Ошибка 2

File /home/viacheslav/cg-course/sphere/build/CMakeFiles/CMakeTmp/CheckSymbolExists.cxx:
/* */
#include <QtCore/qglobal.h>

int main(int argc, char** argv)
{
  (void)argv;
#ifndef Q_WS_MAC
  return ((int*)(&Q_WS_MAC))[argc];
#else
  (void)argc;
  return 0;
#endif
}

